<?xml version="1.0" encoding="UTF-8"?>
<!-- Generated by org.testng.reporters.JUnitReportReporter -->
<testsuite hostname="DESKTOP-CV4TO07" failures="0" tests="9" name="Testingbaba_test.Webtable_test" time="13.723" errors="0" timestamp="2024-07-18T00:11:37 IST" skipped="0">
  <testcase classname="Testingbaba_test.Webtable_test" name="element_click" time="1.246"/>
  <testcase classname="Testingbaba_test.Webtable_test" name="webtable_click" time="0.212"/>
  <testcase classname="Testingbaba_test.Webtable_test" name="fillDetails" time="3.960"/>
  <testcase classname="Testingbaba_test.Webtable_test" name="nameVarification" time="0.906"/>
  <testcase classname="Testingbaba_test.Webtable_test" name="emailvarification" time="0.588"/>
  <testcase classname="Testingbaba_test.Webtable_test" name="updatename" time="2.833"/>
  <testcase classname="Testingbaba_test.Webtable_test" name="updateEmail" time="2.691"/>
  <testcase classname="Testingbaba_test.Webtable_test" name="nameValidationAfterUpdate" time="0.607"/>
  <testcase classname="Testingbaba_test.Webtable_test" name="emailValidationnAfterUpdate" time="0.680"/>
</testsuite> <!-- Testingbaba_test.Webtable_test -->
