<?xml version="1.0" encoding="UTF-8"?>
<!-- Generated by org.testng.reporters.JUnitReportReporter -->
<testsuite hostname="DESKTOP-CV4TO07" failures="0" tests="4" name="Testingbaba_test.CheckBox_Test" time="1.280" errors="0" timestamp="2024-07-04T23:22:36 IST" skipped="0">
  <testcase classname="Testingbaba_test.CheckBox_Test" name="element" time="0.196"/>
  <testcase classname="Testingbaba_test.CheckBox_Test" name="checkBox" time="0.191"/>
  <testcase classname="Testingbaba_test.CheckBox_Test" name="checkboxtick" time="0.526"/>
  <testcase classname="Testingbaba_test.CheckBox_Test" name="getAftermsg" time="0.367"/>
</testsuite> <!-- Testingbaba_test.CheckBox_Test -->
