<?xml version="1.0" encoding="UTF-8"?>
<!-- Generated by org.testng.reporters.JUnitReportReporter -->
<testsuite hostname="DESKTOP-CV4TO07" failures="0" tests="2" name="Testingbaba_test.datePicker_test" time="11.561" errors="0" timestamp="2024-07-18T01:40:45 IST" skipped="0">
  <testcase classname="Testingbaba_test.datePicker_test" name="clickOn_Widgets_datePicker" time="0.822"/>
  <testcase classname="Testingbaba_test.datePicker_test" name="select_Date" time="10.739"/>
</testsuite> <!-- Testingbaba_test.datePicker_test -->
