<?xml version="1.0" encoding="UTF-8"?>
<!-- Generated by org.testng.reporters.JUnitReportReporter -->
<testsuite hostname="DESKTOP-CV4TO07" failures="0" tests="4" name="Testingbaba_test.Links_test" time="13.503" errors="0" timestamp="2024-07-02T00:15:18 IST" skipped="0">
  <testcase classname="Testingbaba_test.Links_test" name="elementClick" time="1.207"/>
  <testcase classname="Testingbaba_test.Links_test" name="linkclick" time="0.242"/>
  <testcase classname="Testingbaba_test.Links_test" name="demoLinkclick" time="11.597"/>
  <testcase classname="Testingbaba_test.Links_test" name="switchWindow" time="0.457"/>
</testsuite> <!-- Testingbaba_test.Links_test -->
