<?xml version="1.0" encoding="UTF-8"?>
<!-- Generated by org.testng.reporters.JUnitReportReporter -->
<testsuite hostname="DESKTOP-CV4TO07" failures="0" tests="3" name="Testingbaba_test.RadioButton_Test" time="1.855" errors="0" timestamp="2024-07-04T23:22:36 IST" skipped="0">
  <testcase classname="Testingbaba_test.RadioButton_Test" name="element" time="1.202"/>
  <testcase classname="Testingbaba_test.RadioButton_Test" name="radioButton_Click" time="0.240"/>
  <testcase classname="Testingbaba_test.RadioButton_Test" name="radioButtons_Select" time="0.413"/>
</testsuite> <!-- Testingbaba_test.RadioButton_Test -->
