<?xml version="1.0" encoding="UTF-8"?>
<!-- Generated by org.testng.reporters.JUnitReportReporter -->
<testsuite hostname="DESKTOP-CV4TO07" failures="0" tests="5" name="Testingbaba_test.TextBox_test" time="2.752" errors="0" timestamp="2024-07-04T23:22:36 IST" skipped="0">
  <testcase classname="Testingbaba_test.TextBox_test" name="clickonElement" time="0.244"/>
  <testcase classname="Testingbaba_test.TextBox_test" name="textbox" time="0.226"/>
  <testcase classname="Testingbaba_test.TextBox_test" name="SendDataFullName" time="1.499"/>
  <testcase classname="Testingbaba_test.TextBox_test" name="submitbutton" time="0.219"/>
  <testcase classname="Testingbaba_test.TextBox_test" name="getdetails" time="0.564"/>
</testsuite> <!-- Testingbaba_test.TextBox_test -->
