<?xml version="1.0" encoding="UTF-8"?>
<!-- Generated by org.testng.reporters.JUnitReportReporter -->
<testsuite hostname="DESKTOP-CV4TO07" failures="0" tests="6" name="Testingbaba_test.Button_Test" time="2.774" errors="0" timestamp="2024-06-27T11:55:08 IST" skipped="0">
  <testcase classname="Testingbaba_test.Button_Test" name="element_click" time="1.075"/>
  <testcase classname="Testingbaba_test.Button_Test" name="button_click" time="0.055"/>
  <testcase classname="Testingbaba_test.Button_Test" name="doubleClick" time="1.249"/>
  <testcase classname="Testingbaba_test.Button_Test" name="rightClick" time="0.192"/>
  <testcase classname="Testingbaba_test.Button_Test" name="singleClick" time="0.202"/>
  <testcase classname="Testingbaba_test.Button_Test" name="Readdatafrompropfile" time="0.001"/>
</testsuite> <!-- Testingbaba_test.Button_Test -->
