<?xml version="1.0" encoding="UTF-8"?>
<!-- Generated by org.testng.reporters.JUnitReportReporter -->
<testsuite hostname="DESKTOP-CV4TO07" failures="0" tests="4" name="Testingbaba_test.Upload_download_Test" time="4.197" errors="0" timestamp="2024-07-03T00:22:32 IST" skipped="0">
  <testcase classname="Testingbaba_test.Upload_download_Test" name="element_click" time="1.083"/>
  <testcase classname="Testingbaba_test.Upload_download_Test" name="Upload_Download_click" time="1.063"/>
  <testcase classname="Testingbaba_test.Upload_download_Test" name="fileUpload" time="0.573"/>
  <testcase classname="Testingbaba_test.Upload_download_Test" name="download_file" time="1.478"/>
</testsuite> <!-- Testingbaba_test.Upload_download_Test -->
